Tosca                           : C:\SIMULIA\EstProducts\2022\win_b64
Tosca Structure Server          : C:\SIMULIA\EstProducts\2022\win_b64\code\bin\SMATocToscaServerMain.exe
Environment file                : C:\SIMULIA\EstProducts\2022\win_b64\code\command\tosca_env.cmd
Python interpreter              : C:\SIMULIA\EstProducts\2022\win_b64\tools\SMApy\python3.7\python.exe
Tosca Structure Python launcher : C:\SIMULIA\EstProducts\2022\win_b64\code\python3.7\lib\SMATsoPyControlMain.pyc
Python path                     : C:\SIMULIA\EstProducts\2022\win_b64\code\python3.7\lib\
(NOTICE  ) [15:06:41.443954|tosca_python] ------------------------------------------------------
(NOTICE  ) [15:06:41.443954|tosca_python] |                                                    |
(NOTICE  ) [15:06:41.443954|tosca_python] |           Tosca Structure Python Control           |
(NOTICE  ) [15:06:41.443954|tosca_python] |                                                    |
(NOTICE  ) [15:06:41.443954|tosca_python] |                3DEXPERIENCE R2022x                 |
(NOTICE  ) [15:06:41.443954|tosca_python] |                                                    |
(NOTICE  ) [15:06:41.443954|tosca_python] ------------------------------------------------------
(NOTICE  ) [15:06:41.443954|tosca_python] 
(NOTICE  ) [15:06:41.443954|tosca_python] Tosca started at Fri, 02 Feb 2024 15:06:41
(NOTICE  ) [15:06:41.443954|tosca_python] 
(NOTICE  ) [15:06:42.193102|tosca_python] Starting job Opt-Process-1-Copy-Copy
(NOTICE  ) [15:06:42.194027|tosca_python] Checking User Configuration
(NOTICE  ) [15:06:42.632107|tosca_python] Starting SIMULIA Tosca Structure Preprocessor
(WARNING ) [15:06:44.551188|SMATsoToscaPrep] *** SIMULIA Tosca Structure WARNING ***
(WARNING ) [15:06:44.551188|SMATsoToscaPrep] The topology optimization formulation includes Von Mises stresses as Design Response
(WARNING ) [15:06:44.551188|SMATsoToscaPrep] (DRESP).
(WARNING ) [15:06:44.551188|SMATsoToscaPrep] When the Von Mises stresses are applied as Design Response (DRESP) in a topology
(WARNING ) [15:06:44.551188|SMATsoToscaPrep] optimization formulation the following default settings are modified:
(WARNING ) [15:06:44.551188|SMATsoToscaPrep] The move limit (DENSITY_MOVE = 0.1 in OPT_PARAM) on the design variables is decreased
(WARNING ) [15:06:44.551188|SMATsoToscaPrep] from 0.25 to 0.1.
(WARNING ) [15:06:44.551188|SMATsoToscaPrep] It is recommended that the user allows the optimization system to perform 80 iterations.
(WARNING ) [15:06:44.551188|SMATsoToscaPrep] (Currently a user defined STOP criteria is found in the database
(WARNING ) [15:06:44.551188|SMATsoToscaPrep]  so the setting from the user will be used as stop criteria).
(WARNING ) [15:06:44.551188|SMATsoToscaPrep] 
(WARNING ) [15:06:44.551188|SMATsoToscaPrep] --> Please ensure that the number of allowed iterations is sufficient to achieve
(WARNING ) [15:06:44.551188|SMATsoToscaPrep] convergence
(WARNING ) [15:06:44.551188|SMATsoToscaPrep] 
(WARNING ) [15:06:44.551188|SMATsoToscaPrep] These default settings can be overwritten by setting STRESS_DRESP_OPT to OFF, e.g.
(WARNING ) [15:06:44.551188|SMATsoToscaPrep] OPT_PARAM
(WARNING ) [15:06:44.551188|SMATsoToscaPrep]   ......
(WARNING ) [15:06:44.551188|SMATsoToscaPrep]   STRESS_DRESP_OPT = OFF
(WARNING ) [15:06:44.551188|SMATsoToscaPrep]   DENSITY_MOVE = 0.15
(WARNING ) [15:06:44.551188|SMATsoToscaPrep]   DENSITY_UPDATE = CONSERVATIVE
(WARNING ) [15:06:44.551188|SMATsoToscaPrep]   ......
(WARNING ) [15:06:44.551188|SMATsoToscaPrep] END_
(WARNING ) [15:06:44.551188|SMATsoToscaPrep] 
(NOTICE  ) [15:06:45.938584|tosca_python] Checking Final Configuration
(NOTICE  ) [15:06:46.147612|tosca_python] Starting abaqus analysis - design cycle 0
(NOTICE  ) [15:07:00.728627|tosca_python] Starting SIMULIA Tosca Structure optimization module - design cycle 0
(NOTICE  ) [15:07:03.557289|tosca_python] Starting abaqus analysis - design cycle 1
(NOTICE  ) [15:07:08.169013|tosca_python] Starting SIMULIA Tosca Structure optimization module - design cycle 1
(NOTICE  ) [15:07:10.993140|tosca_python] Starting abaqus analysis - design cycle 2
(NOTICE  ) [15:07:16.236727|tosca_python] Starting SIMULIA Tosca Structure optimization module - design cycle 2
(NOTICE  ) [15:07:20.016730|tosca_python] Starting abaqus analysis - design cycle 3
(NOTICE  ) [15:07:25.296649|tosca_python] Starting SIMULIA Tosca Structure optimization module - design cycle 3
(NOTICE  ) [15:07:28.631165|tosca_python] Starting abaqus analysis - design cycle 4
(NOTICE  ) [15:07:33.814332|tosca_python] Starting SIMULIA Tosca Structure optimization module - design cycle 4
(NOTICE  ) [15:07:36.825925|tosca_python] Starting abaqus analysis - design cycle 5
(NOTICE  ) [15:07:41.851647|tosca_python] Starting SIMULIA Tosca Structure optimization module - design cycle 5
(NOTICE  ) [15:07:45.105864|tosca_python] Starting abaqus analysis - design cycle 6
(NOTICE  ) [15:07:50.271206|tosca_python] Starting SIMULIA Tosca Structure optimization module - design cycle 6
(NOTICE  ) [15:07:53.344986|tosca_python] Starting abaqus analysis - design cycle 7
(NOTICE  ) [15:07:58.687746|tosca_python] Starting SIMULIA Tosca Structure optimization module - design cycle 7
(NOTICE  ) [15:08:01.980885|tosca_python] Starting abaqus analysis - design cycle 8
(NOTICE  ) [15:08:06.485933|tosca_python] Starting SIMULIA Tosca Structure optimization module - design cycle 8
(NOTICE  ) [15:08:09.343386|tosca_python] Starting abaqus analysis - design cycle 9
(NOTICE  ) [15:08:13.960742|tosca_python] Starting SIMULIA Tosca Structure optimization module - design cycle 9
(NOTICE  ) [15:08:16.977886|tosca_python] Starting abaqus analysis - design cycle 10
(NOTICE  ) [15:08:21.944930|tosca_python] Starting SIMULIA Tosca Structure optimization module - design cycle 10
(NOTICE  ) [15:08:25.336806|tosca_python] Starting abaqus analysis - design cycle 11
(NOTICE  ) [15:08:30.876401|tosca_python] Starting SIMULIA Tosca Structure optimization module - design cycle 11
(NOTICE  ) [15:08:34.058403|tosca_python] Starting abaqus analysis - design cycle 12
(NOTICE  ) [15:08:39.192676|tosca_python] Starting SIMULIA Tosca Structure optimization module - design cycle 12
(NOTICE  ) [15:08:42.377833|tosca_python] Starting abaqus analysis - design cycle 13
(NOTICE  ) [15:08:46.623953|tosca_python] Starting SIMULIA Tosca Structure optimization module - design cycle 13
(NOTICE  ) [15:08:49.622720|tosca_python] Starting abaqus analysis - design cycle 14
(NOTICE  ) [15:08:54.242889|tosca_python] Starting SIMULIA Tosca Structure optimization module - design cycle 14
(NOTICE  ) [15:08:56.998258|tosca_python] Starting abaqus analysis - design cycle 15
(NOTICE  ) [15:09:01.452871|tosca_python] Starting SIMULIA Tosca Structure optimization module - design cycle 15
(NOTICE  ) [15:09:04.726760|tosca_python] Starting abaqus analysis - design cycle 16
(NOTICE  ) [15:09:09.885702|tosca_python] Starting SIMULIA Tosca Structure optimization module - design cycle 16
(NOTICE  ) [15:09:13.402864|tosca_python] Starting abaqus analysis - design cycle 17
(NOTICE  ) [15:09:18.473404|tosca_python] Starting SIMULIA Tosca Structure optimization module - design cycle 17
(NOTICE  ) [15:09:22.028449|tosca_python] Starting abaqus analysis - design cycle 18
(NOTICE  ) [15:09:27.248768|tosca_python] Starting SIMULIA Tosca Structure optimization module - design cycle 18
(NOTICE  ) [15:09:30.500097|tosca_python] Starting abaqus analysis - design cycle 19
(NOTICE  ) [15:09:35.265086|tosca_python] Starting SIMULIA Tosca Structure optimization module - design cycle 19
(NOTICE  ) [15:09:38.016731|tosca_python] Starting abaqus analysis - design cycle 20
(NOTICE  ) [15:09:42.151000|tosca_python] Starting SIMULIA Tosca Structure optimization module - design cycle 20
(NOTICE  ) [15:09:45.107466|tosca_python] Starting abaqus analysis - design cycle 21
(NOTICE  ) [15:09:49.334019|tosca_python] Starting SIMULIA Tosca Structure optimization module - design cycle 21
(NOTICE  ) [15:09:52.392449|tosca_python] Starting abaqus analysis - design cycle 22
(NOTICE  ) [15:09:57.315697|tosca_python] Starting SIMULIA Tosca Structure optimization module - design cycle 22
(NOTICE  ) [15:10:00.761718|tosca_python] Starting abaqus analysis - design cycle 23
(NOTICE  ) [15:10:05.779293|tosca_python] Starting SIMULIA Tosca Structure optimization module - design cycle 23
(NOTICE  ) [15:10:09.203982|tosca_python] Starting abaqus analysis - design cycle 24
(NOTICE  ) [15:10:13.982035|tosca_python] Starting SIMULIA Tosca Structure optimization module - design cycle 24
(NOTICE  ) [15:10:17.039144|tosca_python] Starting abaqus analysis - design cycle 25
(NOTICE  ) [15:10:21.394019|tosca_python] Starting SIMULIA Tosca Structure optimization module - design cycle 25
(NOTICE  ) [15:10:24.339736|tosca_python] Starting abaqus analysis - design cycle 26
(NOTICE  ) [15:10:28.892056|tosca_python] Starting SIMULIA Tosca Structure optimization module - design cycle 26
(NOTICE  ) [15:10:31.994613|tosca_python] Starting abaqus analysis - design cycle 27
(NOTICE  ) [15:10:36.782831|tosca_python] Starting SIMULIA Tosca Structure optimization module - design cycle 27
(NOTICE  ) [15:10:40.073263|tosca_python] Starting abaqus analysis - design cycle 28
(NOTICE  ) [15:10:44.972902|tosca_python] Starting SIMULIA Tosca Structure optimization module - design cycle 28
(NOTICE  ) [15:10:48.505078|tosca_python] Starting abaqus analysis - design cycle 29
(NOTICE  ) [15:10:54.258323|tosca_python] Starting SIMULIA Tosca Structure optimization module - design cycle 29
(NOTICE  ) [15:10:57.987199|tosca_python] Starting abaqus analysis - design cycle 30
(NOTICE  ) [15:11:03.970417|tosca_python] Starting SIMULIA Tosca Structure optimization module - design cycle 30
(NOTICE  ) [15:11:07.748684|tosca_python] Starting abaqus analysis - design cycle 31
(NOTICE  ) [15:11:12.908934|tosca_python] Starting SIMULIA Tosca Structure optimization module - design cycle 31
(NOTICE  ) [15:11:16.453101|tosca_python] Starting abaqus analysis - design cycle 32
(NOTICE  ) [15:11:21.497626|tosca_python] Starting SIMULIA Tosca Structure optimization module - design cycle 32
(NOTICE  ) [15:11:24.764811|tosca_python] Starting abaqus analysis - design cycle 33
(NOTICE  ) [15:11:30.155268|tosca_python] Starting SIMULIA Tosca Structure optimization module - design cycle 33
(NOTICE  ) [15:11:34.300746|tosca_python] Starting abaqus analysis - design cycle 34
(NOTICE  ) [15:11:39.719243|tosca_python] Starting SIMULIA Tosca Structure optimization module - design cycle 34
(NOTICE  ) [15:11:42.989002|tosca_python] Starting abaqus analysis - design cycle 35
(NOTICE  ) [15:11:47.985124|tosca_python] Starting SIMULIA Tosca Structure optimization module - design cycle 35
(NOTICE  ) [15:11:50.969642|tosca_python] Starting abaqus analysis - design cycle 36
(NOTICE  ) [15:11:55.716210|tosca_python] Starting SIMULIA Tosca Structure optimization module - design cycle 36
(NOTICE  ) [15:11:58.781209|tosca_python] Starting abaqus analysis - design cycle 37
(NOTICE  ) [15:12:03.769984|tosca_python] Starting SIMULIA Tosca Structure optimization module - design cycle 37
(NOTICE  ) [15:12:06.980825|tosca_python] Starting abaqus analysis - design cycle 38
(NOTICE  ) [15:12:12.305008|tosca_python] Starting SIMULIA Tosca Structure optimization module - design cycle 38
(NOTICE  ) [15:12:17.151669|tosca_python] Starting abaqus analysis - design cycle 39
(NOTICE  ) [15:12:22.117894|tosca_python] Starting SIMULIA Tosca Structure optimization module - design cycle 39
(NOTICE  ) [15:12:25.263828|tosca_python] Starting abaqus analysis - design cycle 40
(NOTICE  ) [15:12:29.882911|tosca_python] Starting SIMULIA Tosca Structure optimization module - design cycle 40
(NOTICE  ) [15:12:33.035335|tosca_python] Starting abaqus analysis - design cycle 41
(NOTICE  ) [15:12:37.503918|tosca_python] Starting SIMULIA Tosca Structure optimization module - design cycle 41
(NOTICE  ) [15:12:40.543361|tosca_python] Starting abaqus analysis - design cycle 42
(NOTICE  ) [15:12:45.319394|tosca_python] Starting SIMULIA Tosca Structure optimization module - design cycle 42
(NOTICE  ) [15:12:48.474518|tosca_python] Starting abaqus analysis - design cycle 43
(NOTICE  ) [15:12:53.539013|tosca_python] Starting SIMULIA Tosca Structure optimization module - design cycle 43
(NOTICE  ) [15:12:56.919649|tosca_python] Starting abaqus analysis - design cycle 44
(NOTICE  ) [15:13:02.153614|tosca_python] Starting SIMULIA Tosca Structure optimization module - design cycle 44
(NOTICE  ) [15:13:05.040188|tosca_python] Starting abaqus analysis - design cycle 45
(NOTICE  ) [15:13:09.508659|tosca_python] Starting SIMULIA Tosca Structure optimization module - design cycle 45
(NOTICE  ) [15:13:12.277126|tosca_python] Starting abaqus analysis - design cycle 46
(NOTICE  ) [15:13:16.575641|tosca_python] Starting SIMULIA Tosca Structure optimization module - design cycle 46
(NOTICE  ) [15:13:19.407583|tosca_python] Starting abaqus analysis - design cycle 47
(NOTICE  ) [15:13:23.777906|tosca_python] Starting SIMULIA Tosca Structure optimization module - design cycle 47
(NOTICE  ) [15:13:26.492958|tosca_python] Starting abaqus analysis - design cycle 48
(NOTICE  ) [15:13:31.741584|tosca_python] Starting SIMULIA Tosca Structure optimization module - design cycle 48
(NOTICE  ) [15:13:35.189438|tosca_python] Starting abaqus analysis - design cycle 49
(NOTICE  ) [15:13:40.347862|tosca_python] Starting SIMULIA Tosca Structure optimization module - design cycle 49
(NOTICE  ) [15:13:43.600050|tosca_python] Starting abaqus analysis - design cycle 50
(NOTICE  ) [15:13:48.696366|tosca_python] Starting SIMULIA Tosca Structure optimization module - design cycle 50
(NOTICE  ) [15:13:49.730568|tosca_python] Last design cycle completed
(NOTICE  ) [15:13:49.730568|tosca_python] Stopping solver process
(NOTICE  ) [15:13:55.700561|tosca_python] Starting SIMULIA Tosca Structure report module
(NOTICE  ) [15:13:56.254807|tosca_python] Application finished successfully
