Tosca                           : C:\SIMULIA\EstProducts\2022\win_b64
Tosca Structure Server          : C:\SIMULIA\EstProducts\2022\win_b64\code\bin\SMATocToscaServerMain.exe
Environment file                : C:\SIMULIA\EstProducts\2022\win_b64\code\command\tosca_env.cmd
Python interpreter              : C:\SIMULIA\EstProducts\2022\win_b64\tools\SMApy\python3.7\python.exe
Tosca Structure Python launcher : C:\SIMULIA\EstProducts\2022\win_b64\code\python3.7\lib\SMATsoPyControlMain.pyc
Python path                     : C:\SIMULIA\EstProducts\2022\win_b64\code\python3.7\lib\
(NOTICE  ) [10:21:31.290471|tosca_python] ------------------------------------------------------
(NOTICE  ) [10:21:31.290471|tosca_python] |                                                    |
(NOTICE  ) [10:21:31.290471|tosca_python] |           Tosca Structure Python Control           |
(NOTICE  ) [10:21:31.290471|tosca_python] |                                                    |
(NOTICE  ) [10:21:31.290471|tosca_python] |                3DEXPERIENCE R2022x                 |
(NOTICE  ) [10:21:31.290471|tosca_python] |                                                    |
(NOTICE  ) [10:21:31.290471|tosca_python] ------------------------------------------------------
(NOTICE  ) [10:21:31.290471|tosca_python] 
(NOTICE  ) [10:21:31.290471|tosca_python] Tosca started at Fri, 09 Feb 2024 10:21:31
(NOTICE  ) [10:21:31.290471|tosca_python] 
(NOTICE  ) [10:21:31.290471|tosca_python] Log file        : C:\Users\Daniel Gutierrez\Desktop\Back up 28-06-23\Imperial College\Imperial 2023-2024\AVD\pt2\github sims\AVD\iter 1.2\Opt-Process-2-Copy\TOSCA_POST.OUT
(NOTICE  ) [10:21:31.329775|tosca_python] Starting post-processing for job Opt-Process-2-Copy
(NOTICE  ) [10:21:31.329775|tosca_python] Starting SIMULIA Tosca Structure smooth module
(NOTICE  ) [10:21:33.237754|tosca_python] Application finished successfully
