
Combine optimization results log 		: C:\Users\Daniel Gutierrez\Desktop\Back up 28-06-23\Imperial College\Imperial 2023-2024\AVD\pt2\github sims\AVD\iter 1.2\Opt-Process-2-Copy\TOSCA_POST\Opt-Process-2-Copy-Job.log

 Feb 2024 7 Combine optimization results started.

Processing 'C:\Users\Daniel Gutierrez\Desktop\Back up 28-06-23\Imperial College\Imperial 2023-2024\AVD\pt2\github sims\AVD\iter 1.2\Opt-Process-2-Copy\TOSCA_POST\Opt-Process-2-Copy-Job_post.odb'...

	Creating step: 'Loading down with g_Optimization'...

		Creating frame 'Optimization Design Cycle-0'...

			Creating field output from 'C:\Users\Daniel Gutierrez\Desktop\Back up 28-06-23\Imperial College\Imperial 2023-2024\AVD\pt2\github sims\AVD\iter 1.2\Opt-Process-2-Copy\SAVE.onf\TP_000.onf'...

		Creating frame 'Optimization Design Cycle-1'...

			Creating field output from 'C:\Users\Daniel Gutierrez\Desktop\Back up 28-06-23\Imperial College\Imperial 2023-2024\AVD\pt2\github sims\AVD\iter 1.2\Opt-Process-2-Copy\SAVE.onf\TP_001.onf'...

		Creating frame 'Optimization Design Cycle-2'...

			Creating field output from 'C:\Users\Daniel Gutierrez\Desktop\Back up 28-06-23\Imperial College\Imperial 2023-2024\AVD\pt2\github sims\AVD\iter 1.2\Opt-Process-2-Copy\SAVE.onf\TP_002.onf'...

		Creating frame 'Optimization Design Cycle-3'...

			Creating field output from 'C:\Users\Daniel Gutierrez\Desktop\Back up 28-06-23\Imperial College\Imperial 2023-2024\AVD\pt2\github sims\AVD\iter 1.2\Opt-Process-2-Copy\SAVE.onf\TP_003.onf'...

		Creating frame 'Optimization Design Cycle-4'...

			Creating field output from 'C:\Users\Daniel Gutierrez\Desktop\Back up 28-06-23\Imperial College\Imperial 2023-2024\AVD\pt2\github sims\AVD\iter 1.2\Opt-Process-2-Copy\SAVE.onf\TP_004.onf'...

		Creating frame 'Optimization Design Cycle-5'...

			Creating field output from 'C:\Users\Daniel Gutierrez\Desktop\Back up 28-06-23\Imperial College\Imperial 2023-2024\AVD\pt2\github sims\AVD\iter 1.2\Opt-Process-2-Copy\SAVE.onf\TP_005.onf'...

		Creating frame 'Optimization Design Cycle-6'...

			Creating field output from 'C:\Users\Daniel Gutierrez\Desktop\Back up 28-06-23\Imperial College\Imperial 2023-2024\AVD\pt2\github sims\AVD\iter 1.2\Opt-Process-2-Copy\SAVE.onf\TP_006.onf'...

		Creating frame 'Optimization Design Cycle-7'...

			Creating field output from 'C:\Users\Daniel Gutierrez\Desktop\Back up 28-06-23\Imperial College\Imperial 2023-2024\AVD\pt2\github sims\AVD\iter 1.2\Opt-Process-2-Copy\SAVE.onf\TP_007.onf'...

		Creating frame 'Optimization Design Cycle-8'...

			Creating field output from 'C:\Users\Daniel Gutierrez\Desktop\Back up 28-06-23\Imperial College\Imperial 2023-2024\AVD\pt2\github sims\AVD\iter 1.2\Opt-Process-2-Copy\SAVE.onf\TP_008.onf'...

		Creating frame 'Optimization Design Cycle-9'...

			Creating field output from 'C:\Users\Daniel Gutierrez\Desktop\Back up 28-06-23\Imperial College\Imperial 2023-2024\AVD\pt2\github sims\AVD\iter 1.2\Opt-Process-2-Copy\SAVE.onf\TP_009.onf'...

		Creating frame 'Optimization Design Cycle-10'...

			Creating field output from 'C:\Users\Daniel Gutierrez\Desktop\Back up 28-06-23\Imperial College\Imperial 2023-2024\AVD\pt2\github sims\AVD\iter 1.2\Opt-Process-2-Copy\SAVE.onf\TP_010.onf'...

		Creating frame 'Optimization Design Cycle-11'...

			Creating field output from 'C:\Users\Daniel Gutierrez\Desktop\Back up 28-06-23\Imperial College\Imperial 2023-2024\AVD\pt2\github sims\AVD\iter 1.2\Opt-Process-2-Copy\SAVE.onf\TP_011.onf'...

		Creating frame 'Optimization Design Cycle-12'...

			Creating field output from 'C:\Users\Daniel Gutierrez\Desktop\Back up 28-06-23\Imperial College\Imperial 2023-2024\AVD\pt2\github sims\AVD\iter 1.2\Opt-Process-2-Copy\SAVE.onf\TP_012.onf'...

		Creating frame 'Optimization Design Cycle-13'...

			Creating field output from 'C:\Users\Daniel Gutierrez\Desktop\Back up 28-06-23\Imperial College\Imperial 2023-2024\AVD\pt2\github sims\AVD\iter 1.2\Opt-Process-2-Copy\SAVE.onf\TP_013.onf'...

		Creating frame 'Optimization Design Cycle-14'...

			Creating field output from 'C:\Users\Daniel Gutierrez\Desktop\Back up 28-06-23\Imperial College\Imperial 2023-2024\AVD\pt2\github sims\AVD\iter 1.2\Opt-Process-2-Copy\SAVE.onf\TP_014.onf'...

		Creating frame 'Optimization Design Cycle-15'...

			Creating field output from 'C:\Users\Daniel Gutierrez\Desktop\Back up 28-06-23\Imperial College\Imperial 2023-2024\AVD\pt2\github sims\AVD\iter 1.2\Opt-Process-2-Copy\SAVE.onf\TP_015.onf'...

		Creating frame 'Optimization Design Cycle-16'...

			Creating field output from 'C:\Users\Daniel Gutierrez\Desktop\Back up 28-06-23\Imperial College\Imperial 2023-2024\AVD\pt2\github sims\AVD\iter 1.2\Opt-Process-2-Copy\SAVE.onf\TP_016.onf'...

		Creating frame 'Optimization Design Cycle-17'...

			Creating field output from 'C:\Users\Daniel Gutierrez\Desktop\Back up 28-06-23\Imperial College\Imperial 2023-2024\AVD\pt2\github sims\AVD\iter 1.2\Opt-Process-2-Copy\SAVE.onf\TP_017.onf'...

		Creating frame 'Optimization Design Cycle-18'...

			Creating field output from 'C:\Users\Daniel Gutierrez\Desktop\Back up 28-06-23\Imperial College\Imperial 2023-2024\AVD\pt2\github sims\AVD\iter 1.2\Opt-Process-2-Copy\SAVE.onf\TP_018.onf'...

		Creating frame 'Optimization Design Cycle-19'...

			Creating field output from 'C:\Users\Daniel Gutierrez\Desktop\Back up 28-06-23\Imperial College\Imperial 2023-2024\AVD\pt2\github sims\AVD\iter 1.2\Opt-Process-2-Copy\SAVE.onf\TP_019.onf'...

		Creating frame 'Optimization Design Cycle-20'...

			Creating field output from 'C:\Users\Daniel Gutierrez\Desktop\Back up 28-06-23\Imperial College\Imperial 2023-2024\AVD\pt2\github sims\AVD\iter 1.2\Opt-Process-2-Copy\SAVE.onf\TP_020.onf'...

		Creating frame 'Optimization Design Cycle-21'...

			Creating field output from 'C:\Users\Daniel Gutierrez\Desktop\Back up 28-06-23\Imperial College\Imperial 2023-2024\AVD\pt2\github sims\AVD\iter 1.2\Opt-Process-2-Copy\SAVE.onf\TP_021.onf'...

		Creating frame 'Optimization Design Cycle-22'...

			Creating field output from 'C:\Users\Daniel Gutierrez\Desktop\Back up 28-06-23\Imperial College\Imperial 2023-2024\AVD\pt2\github sims\AVD\iter 1.2\Opt-Process-2-Copy\SAVE.onf\TP_022.onf'...

		Creating frame 'Optimization Design Cycle-23'...

			Creating field output from 'C:\Users\Daniel Gutierrez\Desktop\Back up 28-06-23\Imperial College\Imperial 2023-2024\AVD\pt2\github sims\AVD\iter 1.2\Opt-Process-2-Copy\SAVE.onf\TP_023.onf'...

		Creating frame 'Optimization Design Cycle-24'...

			Creating field output from 'C:\Users\Daniel Gutierrez\Desktop\Back up 28-06-23\Imperial College\Imperial 2023-2024\AVD\pt2\github sims\AVD\iter 1.2\Opt-Process-2-Copy\SAVE.onf\TP_024.onf'...

		Creating frame 'Optimization Design Cycle-25'...

			Creating field output from 'C:\Users\Daniel Gutierrez\Desktop\Back up 28-06-23\Imperial College\Imperial 2023-2024\AVD\pt2\github sims\AVD\iter 1.2\Opt-Process-2-Copy\SAVE.onf\TP_025.onf'...

		Creating frame 'Optimization Design Cycle-26'...

			Creating field output from 'C:\Users\Daniel Gutierrez\Desktop\Back up 28-06-23\Imperial College\Imperial 2023-2024\AVD\pt2\github sims\AVD\iter 1.2\Opt-Process-2-Copy\SAVE.onf\TP_026.onf'...

		Creating frame 'Optimization Design Cycle-27'...

			Creating field output from 'C:\Users\Daniel Gutierrez\Desktop\Back up 28-06-23\Imperial College\Imperial 2023-2024\AVD\pt2\github sims\AVD\iter 1.2\Opt-Process-2-Copy\SAVE.onf\TP_027.onf'...

		Creating frame 'Optimization Design Cycle-28'...

			Creating field output from 'C:\Users\Daniel Gutierrez\Desktop\Back up 28-06-23\Imperial College\Imperial 2023-2024\AVD\pt2\github sims\AVD\iter 1.2\Opt-Process-2-Copy\SAVE.onf\TP_028.onf'...

		Creating frame 'Optimization Design Cycle-29'...

			Creating field output from 'C:\Users\Daniel Gutierrez\Desktop\Back up 28-06-23\Imperial College\Imperial 2023-2024\AVD\pt2\github sims\AVD\iter 1.2\Opt-Process-2-Copy\SAVE.onf\TP_029.onf'...

		Creating frame 'Optimization Design Cycle-30'...

			Creating field output from 'C:\Users\Daniel Gutierrez\Desktop\Back up 28-06-23\Imperial College\Imperial 2023-2024\AVD\pt2\github sims\AVD\iter 1.2\Opt-Process-2-Copy\SAVE.onf\TP_030.onf'...

		Creating frame 'Optimization Design Cycle-31'...

			Creating field output from 'C:\Users\Daniel Gutierrez\Desktop\Back up 28-06-23\Imperial College\Imperial 2023-2024\AVD\pt2\github sims\AVD\iter 1.2\Opt-Process-2-Copy\SAVE.onf\TP_031.onf'...

		Creating frame 'Optimization Design Cycle-32'...

			Creating field output from 'C:\Users\Daniel Gutierrez\Desktop\Back up 28-06-23\Imperial College\Imperial 2023-2024\AVD\pt2\github sims\AVD\iter 1.2\Opt-Process-2-Copy\SAVE.onf\TP_032.onf'...

		Creating frame 'Optimization Design Cycle-33'...

			Creating field output from 'C:\Users\Daniel Gutierrez\Desktop\Back up 28-06-23\Imperial College\Imperial 2023-2024\AVD\pt2\github sims\AVD\iter 1.2\Opt-Process-2-Copy\SAVE.onf\TP_033.onf'...

		Creating frame 'Optimization Design Cycle-34'...

			Creating field output from 'C:\Users\Daniel Gutierrez\Desktop\Back up 28-06-23\Imperial College\Imperial 2023-2024\AVD\pt2\github sims\AVD\iter 1.2\Opt-Process-2-Copy\SAVE.onf\TP_034.onf'...

		Creating frame 'Optimization Design Cycle-35'...

			Creating field output from 'C:\Users\Daniel Gutierrez\Desktop\Back up 28-06-23\Imperial College\Imperial 2023-2024\AVD\pt2\github sims\AVD\iter 1.2\Opt-Process-2-Copy\SAVE.onf\TP_035.onf'...

		Creating frame 'Optimization Design Cycle-36'...

			Creating field output from 'C:\Users\Daniel Gutierrez\Desktop\Back up 28-06-23\Imperial College\Imperial 2023-2024\AVD\pt2\github sims\AVD\iter 1.2\Opt-Process-2-Copy\SAVE.onf\TP_036.onf'...

		Creating frame 'Optimization Design Cycle-37'...

			Creating field output from 'C:\Users\Daniel Gutierrez\Desktop\Back up 28-06-23\Imperial College\Imperial 2023-2024\AVD\pt2\github sims\AVD\iter 1.2\Opt-Process-2-Copy\SAVE.onf\TP_037.onf'...

		Creating frame 'Optimization Design Cycle-38'...

			Creating field output from Odb:'C:\Users\Daniel Gutierrez\Desktop\Back up 28-06-23\Imperial College\Imperial 2023-2024\AVD\pt2\github sims\AVD\iter 1.2\Opt-Process-2-Copy\SAVE.odb\Opt-Process-2-Copy-Job_038.odb', Step:'Loading down with g', Frame:1...

			Creating Boundary Conditions from Odb:'C:\Users\Daniel Gutierrez\Desktop\Back up 28-06-23\Imperial College\Imperial 2023-2024\AVD\pt2\github sims\AVD\iter 1.2\Opt-Process-2-Copy\SAVE.odb\Opt-Process-2-Copy-Job_038.odb', Step:'Loading down with g', Frame:1...

			Creating field output from 'C:\Users\Daniel Gutierrez\Desktop\Back up 28-06-23\Imperial College\Imperial 2023-2024\AVD\pt2\github sims\AVD\iter 1.2\Opt-Process-2-Copy\SAVE.onf\TP_038.onf'...

		Creating history output from 'C:\Users\Daniel Gutierrez\Desktop\Back up 28-06-23\Imperial College\Imperial 2023-2024\AVD\pt2\github sims\AVD\iter 1.2\Opt-Process-2-Copy\optimization_status_all.csv'...





 Feb 2024 7 Combining optimization results completed successfully.


