
Combine optimization results log 		: C:\Users\Daniel Gutierrez\Desktop\Back up 28-06-23\Imperial College\Imperial 2023-2024\AVD\pt2\github sims\AVD\iter 1.2\Opt-Process-1-Copy\TOSCA_POST\Opt-Process-1-Copy-Job.log

 Feb 2024 2 Combine optimization results started.

Processing 'C:\Users\Daniel Gutierrez\Desktop\Back up 28-06-23\Imperial College\Imperial 2023-2024\AVD\pt2\github sims\AVD\iter 1.2\Opt-Process-1-Copy\TOSCA_POST\Opt-Process-1-Copy-Job_post.odb'...

	Creating step: 'Loading down with g_Optimization'...

		Creating frame 'Optimization Design Cycle-0'...

			Creating field output from 'C:\Users\Daniel Gutierrez\Desktop\Back up 28-06-23\Imperial College\Imperial 2023-2024\AVD\pt2\github sims\AVD\iter 1.2\Opt-Process-1-Copy\SAVE.onf\TP_000.onf'...

		Creating frame 'Optimization Design Cycle-1'...

			Creating field output from 'C:\Users\Daniel Gutierrez\Desktop\Back up 28-06-23\Imperial College\Imperial 2023-2024\AVD\pt2\github sims\AVD\iter 1.2\Opt-Process-1-Copy\SAVE.onf\TP_001.onf'...

		Creating frame 'Optimization Design Cycle-2'...

			Creating field output from 'C:\Users\Daniel Gutierrez\Desktop\Back up 28-06-23\Imperial College\Imperial 2023-2024\AVD\pt2\github sims\AVD\iter 1.2\Opt-Process-1-Copy\SAVE.onf\TP_002.onf'...

		Creating frame 'Optimization Design Cycle-3'...

			Creating field output from 'C:\Users\Daniel Gutierrez\Desktop\Back up 28-06-23\Imperial College\Imperial 2023-2024\AVD\pt2\github sims\AVD\iter 1.2\Opt-Process-1-Copy\SAVE.onf\TP_003.onf'...

		Creating frame 'Optimization Design Cycle-4'...

			Creating field output from 'C:\Users\Daniel Gutierrez\Desktop\Back up 28-06-23\Imperial College\Imperial 2023-2024\AVD\pt2\github sims\AVD\iter 1.2\Opt-Process-1-Copy\SAVE.onf\TP_004.onf'...

		Creating frame 'Optimization Design Cycle-5'...

			Creating field output from 'C:\Users\Daniel Gutierrez\Desktop\Back up 28-06-23\Imperial College\Imperial 2023-2024\AVD\pt2\github sims\AVD\iter 1.2\Opt-Process-1-Copy\SAVE.onf\TP_005.onf'...

		Creating frame 'Optimization Design Cycle-6'...

			Creating field output from 'C:\Users\Daniel Gutierrez\Desktop\Back up 28-06-23\Imperial College\Imperial 2023-2024\AVD\pt2\github sims\AVD\iter 1.2\Opt-Process-1-Copy\SAVE.onf\TP_006.onf'...

		Creating frame 'Optimization Design Cycle-7'...

			Creating field output from 'C:\Users\Daniel Gutierrez\Desktop\Back up 28-06-23\Imperial College\Imperial 2023-2024\AVD\pt2\github sims\AVD\iter 1.2\Opt-Process-1-Copy\SAVE.onf\TP_007.onf'...

		Creating frame 'Optimization Design Cycle-8'...

			Creating field output from 'C:\Users\Daniel Gutierrez\Desktop\Back up 28-06-23\Imperial College\Imperial 2023-2024\AVD\pt2\github sims\AVD\iter 1.2\Opt-Process-1-Copy\SAVE.onf\TP_008.onf'...

		Creating frame 'Optimization Design Cycle-9'...

			Creating field output from 'C:\Users\Daniel Gutierrez\Desktop\Back up 28-06-23\Imperial College\Imperial 2023-2024\AVD\pt2\github sims\AVD\iter 1.2\Opt-Process-1-Copy\SAVE.onf\TP_009.onf'...

		Creating frame 'Optimization Design Cycle-10'...

			Creating field output from Odb:'C:\Users\Daniel Gutierrez\Desktop\Back up 28-06-23\Imperial College\Imperial 2023-2024\AVD\pt2\github sims\AVD\iter 1.2\Opt-Process-1-Copy\SAVE.odb\Opt-Process-1-Copy-Job_010.odb', Step:'Loading down with g', Frame:1...

			Creating Boundary Conditions from Odb:'C:\Users\Daniel Gutierrez\Desktop\Back up 28-06-23\Imperial College\Imperial 2023-2024\AVD\pt2\github sims\AVD\iter 1.2\Opt-Process-1-Copy\SAVE.odb\Opt-Process-1-Copy-Job_010.odb', Step:'Loading down with g', Frame:1...

			Creating field output from 'C:\Users\Daniel Gutierrez\Desktop\Back up 28-06-23\Imperial College\Imperial 2023-2024\AVD\pt2\github sims\AVD\iter 1.2\Opt-Process-1-Copy\SAVE.onf\TP_010.onf'...

		Creating history output from 'C:\Users\Daniel Gutierrez\Desktop\Back up 28-06-23\Imperial College\Imperial 2023-2024\AVD\pt2\github sims\AVD\iter 1.2\Opt-Process-1-Copy\optimization_status_all.csv'...





 Feb 2024 2 Combining optimization results completed successfully.


