

<<<<<<< HEAD:top-opt/Opt-Process-1/Opt-Process-1-Job.log
 Feb 2024 6 Writing data to odb started.

		Writing data from 'C:\Users\Daniel Gutierrez\Desktop\Back up 28-06-23\Imperial College\Imperial 2023-2024\AVD\pt2\github sims\AVD\iter 1.2\Opt-Process-1\SAVE.onf\TP_000.onf' to 'C:\Users\Daniel Gutierrez\Desktop\Back up 28-06-23\Imperial College\Imperial 2023-2024\AVD\pt2\github sims\AVD\iter 1.2\Opt-Process-1\SAVE.odb\Opt-Process-1-Job_000.odb'...

 Feb 2024 6 Writing data to odb completed successfully.
=======
 Feb 2024 2 Writing data to odb started.

		Writing data from 'C:\Users\Daniel Gutierrez\Desktop\Back up 28-06-23\Imperial College\Imperial 2023-2024\AVD\pt2\github sims\AVD\iter 1.2\Opt-Process-1\SAVE.onf\TP_000.onf' to 'C:\Users\Daniel Gutierrez\Desktop\Back up 28-06-23\Imperial College\Imperial 2023-2024\AVD\pt2\github sims\AVD\iter 1.2\Opt-Process-1\SAVE.odb\Opt-Process-1-Job_000.odb'...

 Feb 2024 2 Writing data to odb completed successfully.
>>>>>>> e548f7b3a2534b26fcb4b8e3171f1cc780b43667:iter 1.2/Opt-Process-1/Opt-Process-1-Job.log




<<<<<<< HEAD:top-opt/Opt-Process-1/Opt-Process-1-Job.log
 Feb 2024 6 Writing data to odb started.

		Writing data from 'C:\Users\Daniel Gutierrez\Desktop\Back up 28-06-23\Imperial College\Imperial 2023-2024\AVD\pt2\github sims\AVD\iter 1.2\Opt-Process-1\SAVE.onf\TP_001.onf' to 'C:\Users\Daniel Gutierrez\Desktop\Back up 28-06-23\Imperial College\Imperial 2023-2024\AVD\pt2\github sims\AVD\iter 1.2\Opt-Process-1\SAVE.odb\Opt-Process-1-Job_001.odb'...

 Feb 2024 6 Writing data to odb completed successfully.
=======
 Feb 2024 2 Writing data to odb started.

		Writing data from 'C:\Users\Daniel Gutierrez\Desktop\Back up 28-06-23\Imperial College\Imperial 2023-2024\AVD\pt2\github sims\AVD\iter 1.2\Opt-Process-1\SAVE.onf\TP_001.onf' to 'C:\Users\Daniel Gutierrez\Desktop\Back up 28-06-23\Imperial College\Imperial 2023-2024\AVD\pt2\github sims\AVD\iter 1.2\Opt-Process-1\SAVE.odb\Opt-Process-1-Job_001.odb'...

 Feb 2024 2 Writing data to odb completed successfully.
>>>>>>> e548f7b3a2534b26fcb4b8e3171f1cc780b43667:iter 1.2/Opt-Process-1/Opt-Process-1-Job.log




<<<<<<< HEAD:top-opt/Opt-Process-1/Opt-Process-1-Job.log
 Feb 2024 6 Writing data to odb started.

		Writing data from 'C:\Users\Daniel Gutierrez\Desktop\Back up 28-06-23\Imperial College\Imperial 2023-2024\AVD\pt2\github sims\AVD\iter 1.2\Opt-Process-1\SAVE.onf\TP_002.onf' to 'C:\Users\Daniel Gutierrez\Desktop\Back up 28-06-23\Imperial College\Imperial 2023-2024\AVD\pt2\github sims\AVD\iter 1.2\Opt-Process-1\SAVE.odb\Opt-Process-1-Job_002.odb'...

 Feb 2024 6 Writing data to odb completed successfully.
=======
 Feb 2024 2 Writing data to odb started.

		Writing data from 'C:\Users\Daniel Gutierrez\Desktop\Back up 28-06-23\Imperial College\Imperial 2023-2024\AVD\pt2\github sims\AVD\iter 1.2\Opt-Process-1\SAVE.onf\TP_002.onf' to 'C:\Users\Daniel Gutierrez\Desktop\Back up 28-06-23\Imperial College\Imperial 2023-2024\AVD\pt2\github sims\AVD\iter 1.2\Opt-Process-1\SAVE.odb\Opt-Process-1-Job_002.odb'...

 Feb 2024 2 Writing data to odb completed successfully.
>>>>>>> e548f7b3a2534b26fcb4b8e3171f1cc780b43667:iter 1.2/Opt-Process-1/Opt-Process-1-Job.log




<<<<<<< HEAD:top-opt/Opt-Process-1/Opt-Process-1-Job.log
 Feb 2024 6 Writing data to odb started.

		Writing data from 'C:\Users\Daniel Gutierrez\Desktop\Back up 28-06-23\Imperial College\Imperial 2023-2024\AVD\pt2\github sims\AVD\iter 1.2\Opt-Process-1\SAVE.onf\TP_003.onf' to 'C:\Users\Daniel Gutierrez\Desktop\Back up 28-06-23\Imperial College\Imperial 2023-2024\AVD\pt2\github sims\AVD\iter 1.2\Opt-Process-1\SAVE.odb\Opt-Process-1-Job_003.odb'...

 Feb 2024 6 Writing data to odb completed successfully.
=======
 Feb 2024 2 Writing data to odb started.

		Writing data from 'C:\Users\Daniel Gutierrez\Desktop\Back up 28-06-23\Imperial College\Imperial 2023-2024\AVD\pt2\github sims\AVD\iter 1.2\Opt-Process-1\SAVE.onf\TP_003.onf' to 'C:\Users\Daniel Gutierrez\Desktop\Back up 28-06-23\Imperial College\Imperial 2023-2024\AVD\pt2\github sims\AVD\iter 1.2\Opt-Process-1\SAVE.odb\Opt-Process-1-Job_003.odb'...

 Feb 2024 2 Writing data to odb completed successfully.
>>>>>>> e548f7b3a2534b26fcb4b8e3171f1cc780b43667:iter 1.2/Opt-Process-1/Opt-Process-1-Job.log




<<<<<<< HEAD:top-opt/Opt-Process-1/Opt-Process-1-Job.log
 Feb 2024 6 Writing data to odb started.

		Writing data from 'C:\Users\Daniel Gutierrez\Desktop\Back up 28-06-23\Imperial College\Imperial 2023-2024\AVD\pt2\github sims\AVD\iter 1.2\Opt-Process-1\SAVE.onf\TP_004.onf' to 'C:\Users\Daniel Gutierrez\Desktop\Back up 28-06-23\Imperial College\Imperial 2023-2024\AVD\pt2\github sims\AVD\iter 1.2\Opt-Process-1\SAVE.odb\Opt-Process-1-Job_004.odb'...

 Feb 2024 6 Writing data to odb completed successfully.
=======
 Feb 2024 2 Writing data to odb started.

		Writing data from 'C:\Users\Daniel Gutierrez\Desktop\Back up 28-06-23\Imperial College\Imperial 2023-2024\AVD\pt2\github sims\AVD\iter 1.2\Opt-Process-1\SAVE.onf\TP_004.onf' to 'C:\Users\Daniel Gutierrez\Desktop\Back up 28-06-23\Imperial College\Imperial 2023-2024\AVD\pt2\github sims\AVD\iter 1.2\Opt-Process-1\SAVE.odb\Opt-Process-1-Job_004.odb'...

 Feb 2024 2 Writing data to odb completed successfully.




 Feb 2024 2 Writing data to odb started.

		Writing data from 'C:\Users\Daniel Gutierrez\Desktop\Back up 28-06-23\Imperial College\Imperial 2023-2024\AVD\pt2\github sims\AVD\iter 1.2\Opt-Process-1\SAVE.onf\TP_005.onf' to 'C:\Users\Daniel Gutierrez\Desktop\Back up 28-06-23\Imperial College\Imperial 2023-2024\AVD\pt2\github sims\AVD\iter 1.2\Opt-Process-1\SAVE.odb\Opt-Process-1-Job_005.odb'...

 Feb 2024 2 Writing data to odb completed successfully.




 Feb 2024 2 Writing data to odb started.

		Writing data from 'C:\Users\Daniel Gutierrez\Desktop\Back up 28-06-23\Imperial College\Imperial 2023-2024\AVD\pt2\github sims\AVD\iter 1.2\Opt-Process-1\SAVE.onf\TP_006.onf' to 'C:\Users\Daniel Gutierrez\Desktop\Back up 28-06-23\Imperial College\Imperial 2023-2024\AVD\pt2\github sims\AVD\iter 1.2\Opt-Process-1\SAVE.odb\Opt-Process-1-Job_006.odb'...

 Feb 2024 2 Writing data to odb completed successfully.




 Feb 2024 2 Writing data to odb started.

		Writing data from 'C:\Users\Daniel Gutierrez\Desktop\Back up 28-06-23\Imperial College\Imperial 2023-2024\AVD\pt2\github sims\AVD\iter 1.2\Opt-Process-1\SAVE.onf\TP_007.onf' to 'C:\Users\Daniel Gutierrez\Desktop\Back up 28-06-23\Imperial College\Imperial 2023-2024\AVD\pt2\github sims\AVD\iter 1.2\Opt-Process-1\SAVE.odb\Opt-Process-1-Job_007.odb'...

 Feb 2024 2 Writing data to odb completed successfully.




 Feb 2024 2 Writing data to odb started.

		Writing data from 'C:\Users\Daniel Gutierrez\Desktop\Back up 28-06-23\Imperial College\Imperial 2023-2024\AVD\pt2\github sims\AVD\iter 1.2\Opt-Process-1\SAVE.onf\TP_008.onf' to 'C:\Users\Daniel Gutierrez\Desktop\Back up 28-06-23\Imperial College\Imperial 2023-2024\AVD\pt2\github sims\AVD\iter 1.2\Opt-Process-1\SAVE.odb\Opt-Process-1-Job_008.odb'...

 Feb 2024 2 Writing data to odb completed successfully.




 Feb 2024 2 Writing data to odb started.

		Writing data from 'C:\Users\Daniel Gutierrez\Desktop\Back up 28-06-23\Imperial College\Imperial 2023-2024\AVD\pt2\github sims\AVD\iter 1.2\Opt-Process-1\SAVE.onf\TP_009.onf' to 'C:\Users\Daniel Gutierrez\Desktop\Back up 28-06-23\Imperial College\Imperial 2023-2024\AVD\pt2\github sims\AVD\iter 1.2\Opt-Process-1\SAVE.odb\Opt-Process-1-Job_009.odb'...

 Feb 2024 2 Writing data to odb completed successfully.




 Feb 2024 2 Writing data to odb started.

		Writing data from 'C:\Users\Daniel Gutierrez\Desktop\Back up 28-06-23\Imperial College\Imperial 2023-2024\AVD\pt2\github sims\AVD\iter 1.2\Opt-Process-1\SAVE.onf\TP_010.onf' to 'C:\Users\Daniel Gutierrez\Desktop\Back up 28-06-23\Imperial College\Imperial 2023-2024\AVD\pt2\github sims\AVD\iter 1.2\Opt-Process-1\SAVE.odb\Opt-Process-1-Job_010.odb'...

 Feb 2024 2 Writing data to odb completed successfully.




 Feb 2024 2 Writing data to odb started.

		Writing data from 'C:\Users\Daniel Gutierrez\Desktop\Back up 28-06-23\Imperial College\Imperial 2023-2024\AVD\pt2\github sims\AVD\iter 1.2\Opt-Process-1\SAVE.onf\TP_011.onf' to 'C:\Users\Daniel Gutierrez\Desktop\Back up 28-06-23\Imperial College\Imperial 2023-2024\AVD\pt2\github sims\AVD\iter 1.2\Opt-Process-1\SAVE.odb\Opt-Process-1-Job_011.odb'...

 Feb 2024 2 Writing data to odb completed successfully.




 Feb 2024 2 Writing data to odb started.

		Writing data from 'C:\Users\Daniel Gutierrez\Desktop\Back up 28-06-23\Imperial College\Imperial 2023-2024\AVD\pt2\github sims\AVD\iter 1.2\Opt-Process-1\SAVE.onf\TP_012.onf' to 'C:\Users\Daniel Gutierrez\Desktop\Back up 28-06-23\Imperial College\Imperial 2023-2024\AVD\pt2\github sims\AVD\iter 1.2\Opt-Process-1\SAVE.odb\Opt-Process-1-Job_012.odb'...

 Feb 2024 2 Writing data to odb completed successfully.




 Feb 2024 2 Writing data to odb started.

		Writing data from 'C:\Users\Daniel Gutierrez\Desktop\Back up 28-06-23\Imperial College\Imperial 2023-2024\AVD\pt2\github sims\AVD\iter 1.2\Opt-Process-1\SAVE.onf\TP_013.onf' to 'C:\Users\Daniel Gutierrez\Desktop\Back up 28-06-23\Imperial College\Imperial 2023-2024\AVD\pt2\github sims\AVD\iter 1.2\Opt-Process-1\SAVE.odb\Opt-Process-1-Job_013.odb'...

 Feb 2024 2 Writing data to odb completed successfully.




 Feb 2024 2 Writing data to odb started.

		Writing data from 'C:\Users\Daniel Gutierrez\Desktop\Back up 28-06-23\Imperial College\Imperial 2023-2024\AVD\pt2\github sims\AVD\iter 1.2\Opt-Process-1\SAVE.onf\TP_014.onf' to 'C:\Users\Daniel Gutierrez\Desktop\Back up 28-06-23\Imperial College\Imperial 2023-2024\AVD\pt2\github sims\AVD\iter 1.2\Opt-Process-1\SAVE.odb\Opt-Process-1-Job_014.odb'...

 Feb 2024 2 Writing data to odb completed successfully.




 Feb 2024 2 Writing data to odb started.

		Writing data from 'C:\Users\Daniel Gutierrez\Desktop\Back up 28-06-23\Imperial College\Imperial 2023-2024\AVD\pt2\github sims\AVD\iter 1.2\Opt-Process-1\SAVE.onf\TP_015.onf' to 'C:\Users\Daniel Gutierrez\Desktop\Back up 28-06-23\Imperial College\Imperial 2023-2024\AVD\pt2\github sims\AVD\iter 1.2\Opt-Process-1\SAVE.odb\Opt-Process-1-Job_015.odb'...

 Feb 2024 2 Writing data to odb completed successfully.




 Feb 2024 2 Writing data to odb started.

		Writing data from 'C:\Users\Daniel Gutierrez\Desktop\Back up 28-06-23\Imperial College\Imperial 2023-2024\AVD\pt2\github sims\AVD\iter 1.2\Opt-Process-1\SAVE.onf\TP_016.onf' to 'C:\Users\Daniel Gutierrez\Desktop\Back up 28-06-23\Imperial College\Imperial 2023-2024\AVD\pt2\github sims\AVD\iter 1.2\Opt-Process-1\SAVE.odb\Opt-Process-1-Job_016.odb'...

 Feb 2024 2 Writing data to odb completed successfully.




 Feb 2024 2 Writing data to odb started.

		Writing data from 'C:\Users\Daniel Gutierrez\Desktop\Back up 28-06-23\Imperial College\Imperial 2023-2024\AVD\pt2\github sims\AVD\iter 1.2\Opt-Process-1\SAVE.onf\TP_017.onf' to 'C:\Users\Daniel Gutierrez\Desktop\Back up 28-06-23\Imperial College\Imperial 2023-2024\AVD\pt2\github sims\AVD\iter 1.2\Opt-Process-1\SAVE.odb\Opt-Process-1-Job_017.odb'...

 Feb 2024 2 Writing data to odb completed successfully.




 Feb 2024 2 Writing data to odb started.

		Writing data from 'C:\Users\Daniel Gutierrez\Desktop\Back up 28-06-23\Imperial College\Imperial 2023-2024\AVD\pt2\github sims\AVD\iter 1.2\Opt-Process-1\SAVE.onf\TP_018.onf' to 'C:\Users\Daniel Gutierrez\Desktop\Back up 28-06-23\Imperial College\Imperial 2023-2024\AVD\pt2\github sims\AVD\iter 1.2\Opt-Process-1\SAVE.odb\Opt-Process-1-Job_018.odb'...

 Feb 2024 2 Writing data to odb completed successfully.




 Feb 2024 2 Writing data to odb started.

		Writing data from 'C:\Users\Daniel Gutierrez\Desktop\Back up 28-06-23\Imperial College\Imperial 2023-2024\AVD\pt2\github sims\AVD\iter 1.2\Opt-Process-1\SAVE.onf\TP_019.onf' to 'C:\Users\Daniel Gutierrez\Desktop\Back up 28-06-23\Imperial College\Imperial 2023-2024\AVD\pt2\github sims\AVD\iter 1.2\Opt-Process-1\SAVE.odb\Opt-Process-1-Job_019.odb'...

 Feb 2024 2 Writing data to odb completed successfully.




 Feb 2024 2 Writing data to odb started.

		Writing data from 'C:\Users\Daniel Gutierrez\Desktop\Back up 28-06-23\Imperial College\Imperial 2023-2024\AVD\pt2\github sims\AVD\iter 1.2\Opt-Process-1\SAVE.onf\TP_020.onf' to 'C:\Users\Daniel Gutierrez\Desktop\Back up 28-06-23\Imperial College\Imperial 2023-2024\AVD\pt2\github sims\AVD\iter 1.2\Opt-Process-1\SAVE.odb\Opt-Process-1-Job_020.odb'...

 Feb 2024 2 Writing data to odb completed successfully.




 Feb 2024 2 Writing data to odb started.

		Writing data from 'C:\Users\Daniel Gutierrez\Desktop\Back up 28-06-23\Imperial College\Imperial 2023-2024\AVD\pt2\github sims\AVD\iter 1.2\Opt-Process-1\SAVE.onf\TP_021.onf' to 'C:\Users\Daniel Gutierrez\Desktop\Back up 28-06-23\Imperial College\Imperial 2023-2024\AVD\pt2\github sims\AVD\iter 1.2\Opt-Process-1\SAVE.odb\Opt-Process-1-Job_021.odb'...

 Feb 2024 2 Writing data to odb completed successfully.




 Feb 2024 2 Writing data to odb started.

		Writing data from 'C:\Users\Daniel Gutierrez\Desktop\Back up 28-06-23\Imperial College\Imperial 2023-2024\AVD\pt2\github sims\AVD\iter 1.2\Opt-Process-1\SAVE.onf\TP_022.onf' to 'C:\Users\Daniel Gutierrez\Desktop\Back up 28-06-23\Imperial College\Imperial 2023-2024\AVD\pt2\github sims\AVD\iter 1.2\Opt-Process-1\SAVE.odb\Opt-Process-1-Job_022.odb'...

 Feb 2024 2 Writing data to odb completed successfully.




 Feb 2024 2 Writing data to odb started.

		Writing data from 'C:\Users\Daniel Gutierrez\Desktop\Back up 28-06-23\Imperial College\Imperial 2023-2024\AVD\pt2\github sims\AVD\iter 1.2\Opt-Process-1\SAVE.onf\TP_023.onf' to 'C:\Users\Daniel Gutierrez\Desktop\Back up 28-06-23\Imperial College\Imperial 2023-2024\AVD\pt2\github sims\AVD\iter 1.2\Opt-Process-1\SAVE.odb\Opt-Process-1-Job_023.odb'...

 Feb 2024 2 Writing data to odb completed successfully.




 Feb 2024 2 Writing data to odb started.

		Writing data from 'C:\Users\Daniel Gutierrez\Desktop\Back up 28-06-23\Imperial College\Imperial 2023-2024\AVD\pt2\github sims\AVD\iter 1.2\Opt-Process-1\SAVE.onf\TP_024.onf' to 'C:\Users\Daniel Gutierrez\Desktop\Back up 28-06-23\Imperial College\Imperial 2023-2024\AVD\pt2\github sims\AVD\iter 1.2\Opt-Process-1\SAVE.odb\Opt-Process-1-Job_024.odb'...

 Feb 2024 2 Writing data to odb completed successfully.




 Feb 2024 2 Writing data to odb started.

		Writing data from 'C:\Users\Daniel Gutierrez\Desktop\Back up 28-06-23\Imperial College\Imperial 2023-2024\AVD\pt2\github sims\AVD\iter 1.2\Opt-Process-1\SAVE.onf\TP_025.onf' to 'C:\Users\Daniel Gutierrez\Desktop\Back up 28-06-23\Imperial College\Imperial 2023-2024\AVD\pt2\github sims\AVD\iter 1.2\Opt-Process-1\SAVE.odb\Opt-Process-1-Job_025.odb'...

 Feb 2024 2 Writing data to odb completed successfully.




 Feb 2024 2 Writing data to odb started.

		Writing data from 'C:\Users\Daniel Gutierrez\Desktop\Back up 28-06-23\Imperial College\Imperial 2023-2024\AVD\pt2\github sims\AVD\iter 1.2\Opt-Process-1\SAVE.onf\TP_026.onf' to 'C:\Users\Daniel Gutierrez\Desktop\Back up 28-06-23\Imperial College\Imperial 2023-2024\AVD\pt2\github sims\AVD\iter 1.2\Opt-Process-1\SAVE.odb\Opt-Process-1-Job_026.odb'...

 Feb 2024 2 Writing data to odb completed successfully.




 Feb 2024 2 Writing data to odb started.

		Writing data from 'C:\Users\Daniel Gutierrez\Desktop\Back up 28-06-23\Imperial College\Imperial 2023-2024\AVD\pt2\github sims\AVD\iter 1.2\Opt-Process-1\SAVE.onf\TP_027.onf' to 'C:\Users\Daniel Gutierrez\Desktop\Back up 28-06-23\Imperial College\Imperial 2023-2024\AVD\pt2\github sims\AVD\iter 1.2\Opt-Process-1\SAVE.odb\Opt-Process-1-Job_027.odb'...

 Feb 2024 2 Writing data to odb completed successfully.




 Feb 2024 2 Writing data to odb started.

		Writing data from 'C:\Users\Daniel Gutierrez\Desktop\Back up 28-06-23\Imperial College\Imperial 2023-2024\AVD\pt2\github sims\AVD\iter 1.2\Opt-Process-1\SAVE.onf\TP_028.onf' to 'C:\Users\Daniel Gutierrez\Desktop\Back up 28-06-23\Imperial College\Imperial 2023-2024\AVD\pt2\github sims\AVD\iter 1.2\Opt-Process-1\SAVE.odb\Opt-Process-1-Job_028.odb'...

 Feb 2024 2 Writing data to odb completed successfully.




 Feb 2024 2 Writing data to odb started.

		Writing data from 'C:\Users\Daniel Gutierrez\Desktop\Back up 28-06-23\Imperial College\Imperial 2023-2024\AVD\pt2\github sims\AVD\iter 1.2\Opt-Process-1\SAVE.onf\TP_029.onf' to 'C:\Users\Daniel Gutierrez\Desktop\Back up 28-06-23\Imperial College\Imperial 2023-2024\AVD\pt2\github sims\AVD\iter 1.2\Opt-Process-1\SAVE.odb\Opt-Process-1-Job_029.odb'...

 Feb 2024 2 Writing data to odb completed successfully.




 Feb 2024 2 Writing data to odb started.

		Writing data from 'C:\Users\Daniel Gutierrez\Desktop\Back up 28-06-23\Imperial College\Imperial 2023-2024\AVD\pt2\github sims\AVD\iter 1.2\Opt-Process-1\SAVE.onf\TP_030.onf' to 'C:\Users\Daniel Gutierrez\Desktop\Back up 28-06-23\Imperial College\Imperial 2023-2024\AVD\pt2\github sims\AVD\iter 1.2\Opt-Process-1\SAVE.odb\Opt-Process-1-Job_030.odb'...

 Feb 2024 2 Writing data to odb completed successfully.




 Feb 2024 2 Writing data to odb started.

		Writing data from 'C:\Users\Daniel Gutierrez\Desktop\Back up 28-06-23\Imperial College\Imperial 2023-2024\AVD\pt2\github sims\AVD\iter 1.2\Opt-Process-1\SAVE.onf\TP_031.onf' to 'C:\Users\Daniel Gutierrez\Desktop\Back up 28-06-23\Imperial College\Imperial 2023-2024\AVD\pt2\github sims\AVD\iter 1.2\Opt-Process-1\SAVE.odb\Opt-Process-1-Job_031.odb'...

 Feb 2024 2 Writing data to odb completed successfully.




 Feb 2024 2 Writing data to odb started.

		Writing data from 'C:\Users\Daniel Gutierrez\Desktop\Back up 28-06-23\Imperial College\Imperial 2023-2024\AVD\pt2\github sims\AVD\iter 1.2\Opt-Process-1\SAVE.onf\TP_032.onf' to 'C:\Users\Daniel Gutierrez\Desktop\Back up 28-06-23\Imperial College\Imperial 2023-2024\AVD\pt2\github sims\AVD\iter 1.2\Opt-Process-1\SAVE.odb\Opt-Process-1-Job_032.odb'...

 Feb 2024 2 Writing data to odb completed successfully.




 Feb 2024 2 Writing data to odb started.

		Writing data from 'C:\Users\Daniel Gutierrez\Desktop\Back up 28-06-23\Imperial College\Imperial 2023-2024\AVD\pt2\github sims\AVD\iter 1.2\Opt-Process-1\SAVE.onf\TP_033.onf' to 'C:\Users\Daniel Gutierrez\Desktop\Back up 28-06-23\Imperial College\Imperial 2023-2024\AVD\pt2\github sims\AVD\iter 1.2\Opt-Process-1\SAVE.odb\Opt-Process-1-Job_033.odb'...

 Feb 2024 2 Writing data to odb completed successfully.




 Feb 2024 2 Writing data to odb started.

		Writing data from 'C:\Users\Daniel Gutierrez\Desktop\Back up 28-06-23\Imperial College\Imperial 2023-2024\AVD\pt2\github sims\AVD\iter 1.2\Opt-Process-1\SAVE.onf\TP_034.onf' to 'C:\Users\Daniel Gutierrez\Desktop\Back up 28-06-23\Imperial College\Imperial 2023-2024\AVD\pt2\github sims\AVD\iter 1.2\Opt-Process-1\SAVE.odb\Opt-Process-1-Job_034.odb'...

 Feb 2024 2 Writing data to odb completed successfully.




 Feb 2024 2 Writing data to odb started.

		Writing data from 'C:\Users\Daniel Gutierrez\Desktop\Back up 28-06-23\Imperial College\Imperial 2023-2024\AVD\pt2\github sims\AVD\iter 1.2\Opt-Process-1\SAVE.onf\TP_035.onf' to 'C:\Users\Daniel Gutierrez\Desktop\Back up 28-06-23\Imperial College\Imperial 2023-2024\AVD\pt2\github sims\AVD\iter 1.2\Opt-Process-1\SAVE.odb\Opt-Process-1-Job_035.odb'...

 Feb 2024 2 Writing data to odb completed successfully.




 Feb 2024 2 Writing data to odb started.

		Writing data from 'C:\Users\Daniel Gutierrez\Desktop\Back up 28-06-23\Imperial College\Imperial 2023-2024\AVD\pt2\github sims\AVD\iter 1.2\Opt-Process-1\SAVE.onf\TP_036.onf' to 'C:\Users\Daniel Gutierrez\Desktop\Back up 28-06-23\Imperial College\Imperial 2023-2024\AVD\pt2\github sims\AVD\iter 1.2\Opt-Process-1\SAVE.odb\Opt-Process-1-Job_036.odb'...

 Feb 2024 2 Writing data to odb completed successfully.




 Feb 2024 2 Writing data to odb started.

		Writing data from 'C:\Users\Daniel Gutierrez\Desktop\Back up 28-06-23\Imperial College\Imperial 2023-2024\AVD\pt2\github sims\AVD\iter 1.2\Opt-Process-1\SAVE.onf\TP_037.onf' to 'C:\Users\Daniel Gutierrez\Desktop\Back up 28-06-23\Imperial College\Imperial 2023-2024\AVD\pt2\github sims\AVD\iter 1.2\Opt-Process-1\SAVE.odb\Opt-Process-1-Job_037.odb'...

 Feb 2024 2 Writing data to odb completed successfully.




 Feb 2024 2 Writing data to odb started.

		Writing data from 'C:\Users\Daniel Gutierrez\Desktop\Back up 28-06-23\Imperial College\Imperial 2023-2024\AVD\pt2\github sims\AVD\iter 1.2\Opt-Process-1\SAVE.onf\TP_038.onf' to 'C:\Users\Daniel Gutierrez\Desktop\Back up 28-06-23\Imperial College\Imperial 2023-2024\AVD\pt2\github sims\AVD\iter 1.2\Opt-Process-1\SAVE.odb\Opt-Process-1-Job_038.odb'...

 Feb 2024 2 Writing data to odb completed successfully.




 Feb 2024 2 Writing data to odb started.

		Writing data from 'C:\Users\Daniel Gutierrez\Desktop\Back up 28-06-23\Imperial College\Imperial 2023-2024\AVD\pt2\github sims\AVD\iter 1.2\Opt-Process-1\SAVE.onf\TP_039.onf' to 'C:\Users\Daniel Gutierrez\Desktop\Back up 28-06-23\Imperial College\Imperial 2023-2024\AVD\pt2\github sims\AVD\iter 1.2\Opt-Process-1\SAVE.odb\Opt-Process-1-Job_039.odb'...

 Feb 2024 2 Writing data to odb completed successfully.




 Feb 2024 2 Writing data to odb started.

		Writing data from 'C:\Users\Daniel Gutierrez\Desktop\Back up 28-06-23\Imperial College\Imperial 2023-2024\AVD\pt2\github sims\AVD\iter 1.2\Opt-Process-1\SAVE.onf\TP_040.onf' to 'C:\Users\Daniel Gutierrez\Desktop\Back up 28-06-23\Imperial College\Imperial 2023-2024\AVD\pt2\github sims\AVD\iter 1.2\Opt-Process-1\SAVE.odb\Opt-Process-1-Job_040.odb'...

 Feb 2024 2 Writing data to odb completed successfully.




 Feb 2024 2 Writing data to odb started.

		Writing data from 'C:\Users\Daniel Gutierrez\Desktop\Back up 28-06-23\Imperial College\Imperial 2023-2024\AVD\pt2\github sims\AVD\iter 1.2\Opt-Process-1\SAVE.onf\TP_041.onf' to 'C:\Users\Daniel Gutierrez\Desktop\Back up 28-06-23\Imperial College\Imperial 2023-2024\AVD\pt2\github sims\AVD\iter 1.2\Opt-Process-1\SAVE.odb\Opt-Process-1-Job_041.odb'...

 Feb 2024 2 Writing data to odb completed successfully.




 Feb 2024 2 Writing data to odb started.

		Writing data from 'C:\Users\Daniel Gutierrez\Desktop\Back up 28-06-23\Imperial College\Imperial 2023-2024\AVD\pt2\github sims\AVD\iter 1.2\Opt-Process-1\SAVE.onf\TP_042.onf' to 'C:\Users\Daniel Gutierrez\Desktop\Back up 28-06-23\Imperial College\Imperial 2023-2024\AVD\pt2\github sims\AVD\iter 1.2\Opt-Process-1\SAVE.odb\Opt-Process-1-Job_042.odb'...

 Feb 2024 2 Writing data to odb completed successfully.




 Feb 2024 2 Writing data to odb started.

		Writing data from 'C:\Users\Daniel Gutierrez\Desktop\Back up 28-06-23\Imperial College\Imperial 2023-2024\AVD\pt2\github sims\AVD\iter 1.2\Opt-Process-1\SAVE.onf\TP_043.onf' to 'C:\Users\Daniel Gutierrez\Desktop\Back up 28-06-23\Imperial College\Imperial 2023-2024\AVD\pt2\github sims\AVD\iter 1.2\Opt-Process-1\SAVE.odb\Opt-Process-1-Job_043.odb'...

 Feb 2024 2 Writing data to odb completed successfully.




 Feb 2024 2 Writing data to odb started.

		Writing data from 'C:\Users\Daniel Gutierrez\Desktop\Back up 28-06-23\Imperial College\Imperial 2023-2024\AVD\pt2\github sims\AVD\iter 1.2\Opt-Process-1\SAVE.onf\TP_044.onf' to 'C:\Users\Daniel Gutierrez\Desktop\Back up 28-06-23\Imperial College\Imperial 2023-2024\AVD\pt2\github sims\AVD\iter 1.2\Opt-Process-1\SAVE.odb\Opt-Process-1-Job_044.odb'...

 Feb 2024 2 Writing data to odb completed successfully.




 Feb 2024 2 Writing data to odb started.

		Writing data from 'C:\Users\Daniel Gutierrez\Desktop\Back up 28-06-23\Imperial College\Imperial 2023-2024\AVD\pt2\github sims\AVD\iter 1.2\Opt-Process-1\SAVE.onf\TP_045.onf' to 'C:\Users\Daniel Gutierrez\Desktop\Back up 28-06-23\Imperial College\Imperial 2023-2024\AVD\pt2\github sims\AVD\iter 1.2\Opt-Process-1\SAVE.odb\Opt-Process-1-Job_045.odb'...

 Feb 2024 2 Writing data to odb completed successfully.




 Feb 2024 2 Writing data to odb started.

		Writing data from 'C:\Users\Daniel Gutierrez\Desktop\Back up 28-06-23\Imperial College\Imperial 2023-2024\AVD\pt2\github sims\AVD\iter 1.2\Opt-Process-1\SAVE.onf\TP_046.onf' to 'C:\Users\Daniel Gutierrez\Desktop\Back up 28-06-23\Imperial College\Imperial 2023-2024\AVD\pt2\github sims\AVD\iter 1.2\Opt-Process-1\SAVE.odb\Opt-Process-1-Job_046.odb'...

 Feb 2024 2 Writing data to odb completed successfully.




 Feb 2024 2 Writing data to odb started.

		Writing data from 'C:\Users\Daniel Gutierrez\Desktop\Back up 28-06-23\Imperial College\Imperial 2023-2024\AVD\pt2\github sims\AVD\iter 1.2\Opt-Process-1\SAVE.onf\TP_047.onf' to 'C:\Users\Daniel Gutierrez\Desktop\Back up 28-06-23\Imperial College\Imperial 2023-2024\AVD\pt2\github sims\AVD\iter 1.2\Opt-Process-1\SAVE.odb\Opt-Process-1-Job_047.odb'...

 Feb 2024 2 Writing data to odb completed successfully.




 Feb 2024 2 Writing data to odb started.

		Writing data from 'C:\Users\Daniel Gutierrez\Desktop\Back up 28-06-23\Imperial College\Imperial 2023-2024\AVD\pt2\github sims\AVD\iter 1.2\Opt-Process-1\SAVE.onf\TP_048.onf' to 'C:\Users\Daniel Gutierrez\Desktop\Back up 28-06-23\Imperial College\Imperial 2023-2024\AVD\pt2\github sims\AVD\iter 1.2\Opt-Process-1\SAVE.odb\Opt-Process-1-Job_048.odb'...

 Feb 2024 2 Writing data to odb completed successfully.




 Feb 2024 2 Writing data to odb started.

		Writing data from 'C:\Users\Daniel Gutierrez\Desktop\Back up 28-06-23\Imperial College\Imperial 2023-2024\AVD\pt2\github sims\AVD\iter 1.2\Opt-Process-1\SAVE.onf\TP_049.onf' to 'C:\Users\Daniel Gutierrez\Desktop\Back up 28-06-23\Imperial College\Imperial 2023-2024\AVD\pt2\github sims\AVD\iter 1.2\Opt-Process-1\SAVE.odb\Opt-Process-1-Job_049.odb'...

 Feb 2024 2 Writing data to odb completed successfully.




 Feb 2024 2 Writing data to odb started.

		Writing data from 'C:\Users\Daniel Gutierrez\Desktop\Back up 28-06-23\Imperial College\Imperial 2023-2024\AVD\pt2\github sims\AVD\iter 1.2\Opt-Process-1\SAVE.onf\TP_050.onf' to 'C:\Users\Daniel Gutierrez\Desktop\Back up 28-06-23\Imperial College\Imperial 2023-2024\AVD\pt2\github sims\AVD\iter 1.2\Opt-Process-1\SAVE.odb\Opt-Process-1-Job_050.odb'...

 Feb 2024 2 Writing data to odb completed successfully.
>>>>>>> e548f7b3a2534b26fcb4b8e3171f1cc780b43667:iter 1.2/Opt-Process-1/Opt-Process-1-Job.log


