Analysis initiated from SIMULIA established products
Abaqus JOB Job-MESH-5-Buckle
Abaqus 2022
Abaqus License Manager checked out the following licenses:
Abaqus/Standard checked out 5 tokens from Flexnet server abaqusae.cc.ic.ac.uk.
<3154 out of 3200 licenses remain available>.
Begin Analysis Input File Processor
06/02/2024 13:13:55
Run pre.exe
06/02/2024 13:14:01
End Analysis Input File Processor
Begin Abaqus/Standard Analysis
06/02/2024 13:14:01
Run standard.exe
06/02/2024 13:14:50
End Abaqus/Standard Analysis
Begin SIM Wrap-up
06/02/2024 13:14:51
Run SMASimUtility.exe
06/02/2024 13:14:52
End SIM Wrap-up
Abaqus JOB Job-MESH-5-Buckle COMPLETED
