Analysis initiated from SIMULIA established products
Abaqus JOB Job-MESH-20
Abaqus 2022
Abaqus License Manager checked out the following licenses:
Abaqus/Standard checked out 5 tokens from Flexnet server abaqusae.cc.ic.ac.uk.
<3149 out of 3200 licenses remain available>.
Begin Analysis Input File Processor
06/02/2024 13:11:29
Run pre.exe
06/02/2024 13:11:31
End Analysis Input File Processor
Begin Abaqus/Standard Analysis
06/02/2024 13:11:31
Run standard.exe
06/02/2024 13:11:33
End Abaqus/Standard Analysis
Begin SIM Wrap-up
06/02/2024 13:11:34
Run SMASimUtility.exe
06/02/2024 13:11:34
End SIM Wrap-up
Abaqus JOB Job-MESH-20 COMPLETED
