Analysis initiated from SIMULIA established products
Abaqus JOB Job-MESH-5
Abaqus 2022
Abaqus License Manager checked out the following licenses:
Abaqus/Standard checked out 5 tokens from Flexnet server abaqusae.cc.ic.ac.uk.
<3154 out of 3200 licenses remain available>.
Begin Analysis Input File Processor
06/02/2024 13:13:17
Run pre.exe
06/02/2024 13:13:22
End Analysis Input File Processor
Begin Abaqus/Standard Analysis
06/02/2024 13:13:22
Run standard.exe
06/02/2024 13:13:41
End Abaqus/Standard Analysis
Begin SIM Wrap-up
06/02/2024 13:13:42
Run SMASimUtility.exe
06/02/2024 13:13:42
End SIM Wrap-up
Abaqus JOB Job-MESH-5 COMPLETED
